<?xml version="1.0" encoding="UTF-8"?>
<testsuite xmlns:xsi="http://www.w3.org/2001/XMLSchema-instance" xsi:noNamespaceSchemaLocation="https://maven.apache.org/surefire/maven-surefire-plugin/xsd/surefire-test-report-3.0.xsd" version="3.0" name="com.testmgmt.AuthIntegrationTest" time="24.202" tests="3" errors="0" skipped="0" failures="0">
  <properties>
[...]
</properties>
  <testcase name="loginWithInvalidCredentials_returns401" classname="com.testmgmt.AuthIntegrationTest" time="2.103">
    <system-out><![CDATA[12:10:48.038 [main] INFO org.springframework.test.context.support.AnnotationConfigContextLoaderUtils -- Could not detect default configuration classes for test class [com.testmgmt.AuthIntegrationTest]: AuthIntegrationTest does not declare any static, non-private, non-final, nested classes annotated with @Configuration.
12:10:48.296 [main] INFO org.springframework.boot.test.context.SpringBootTestContextBootstrapper -- Found @SpringBootConfiguration com.testmgmt.TestManagementApplication for test class com.testmgmt.AuthIntegrationTest

  .   ____          _            __ _ _
 /\\ / ___'_ __ _ _(_)_ __  __ _ \ \ \ \
( ( )\___ | '_ | '_| | '_ \/ _` | \ \ \ \
 \\/  ___)| |_)| | | | | || (_| |  ) ) ) )
  '  |____| .__|_| |_|_| |_\__, | / / / /
 =========|_|==============|___/=/_/_/_/
 :: Spring Boot ::                (v3.2.4)

2026-05-09T12:10:49.169+05:30  INFO 11692 --- [test-management-tool] [           main] com.testmgmt.AuthIntegrationTest         : Starting AuthIntegrationTest using Java 21.0.11 with PID 11692 (started by hp in C:\Users\hp\Downloads\test-management-tool-main\test-management-tool-main\test-management)
2026-05-09T12:10:49.171+05:30 DEBUG 11692 --- [test-management-tool] [           main] com.testmgmt.AuthIntegrationTest         : Running with Spring Boot v3.2.4, Spring v6.1.5
2026-05-09T12:10:49.172+05:30  INFO 11692 --- [test-management-tool] [           main] com.testmgmt.AuthIntegrationTest         : The following 1 profile is active: "test"
2026-05-09T12:10:51.436+05:30  INFO 11692 --- [test-management-tool] [           main] .s.d.r.c.RepositoryConfigurationDelegate : Multiple Spring Data modules found, entering strict repository configuration mode
2026-05-09T12:10:51.438+05:30  INFO 11692 --- [test-management-tool] [           main] .s.d.r.c.RepositoryConfigurationDelegate : Bootstrapping Spring Data JPA repositories in DEFAULT mode.
2026-05-09T12:10:51.787+05:30  INFO 11692 --- [test-management-tool] [           main] .s.d.r.c.RepositoryConfigurationDelegate : Finished Spring Data repository scanning in 334 ms. Found 10 JPA repository interfaces.
2026-05-09T12:10:51.818+05:30  INFO 11692 --- [test-management-tool] [           main] .s.d.r.c.RepositoryConfigurationDelegate : Multiple Spring Data modules found, entering strict repository configuration mode
2026-05-09T12:10:51.820+05:30  INFO 11692 --- [test-management-tool] [           main] .s.d.r.c.RepositoryConfigurationDelegate : Bootstrapping Spring Data Redis repositories in DEFAULT mode.
2026-05-09T12:10:51.859+05:30  INFO 11692 --- [test-management-tool] [           main] .RepositoryConfigurationExtensionSupport : Spring Data Redis - Could not safely identify store assignment for repository candidate interface com.testmgmt.repository.AuditLogRepository; If you want this repository to be a Redis repository, consider annotating your entities with one of these annotations: org.springframework.data.redis.core.RedisHash (preferred), or consider extending one of the following types with your repository: org.springframework.data.keyvalue.repository.KeyValueRepository
2026-05-09T12:10:51.863+05:30  INFO 11692 --- [test-management-tool] [           main] .RepositoryConfigurationExtensionSupport : Spring Data Redis - Could not safely identify store assignment for repository candidate interface com.testmgmt.repository.DefectRepository; If you want this repository to be a Redis repository, consider annotating your entities with one of these annotations: org.springframework.data.redis.core.RedisHash (preferred), or consider extending one of the following types with your repository: org.springframework.data.keyvalue.repository.KeyValueRepository
2026-05-09T12:10:51.864+05:30  INFO 11692 --- [test-management-tool] [           main] .RepositoryConfigurationExtensionSupport : Spring Data Redis - Could not safely identify store assignment for repository candidate interface com.testmgmt.repository.ExecutionRepository; If you want this repository to be a Redis repository, consider annotating your entities with one of these annotations: org.springframework.data.redis.core.RedisHash (preferred), or consider extending one of the following types with your repository: org.springframework.data.keyvalue.repository.KeyValueRepository
2026-05-09T12:10:51.865+05:30  INFO 11692 --- [test-management-tool] [           main] .RepositoryConfigurationExtensionSupport : Spring Data Redis - Could not safely identify store assignment for repository candidate interface com.testmgmt.repository.ModuleRepository; If you want this repository to be a Redis repository, consider annotating your entities with one of these annotations: org.springframework.data.redis.core.RedisHash (preferred), or consider extending one of the following types with your repository: org.springframework.data.keyvalue.repository.KeyValueRepository
2026-05-09T12:10:51.865+05:30  INFO 11692 --- [test-management-tool] [           main] .RepositoryConfigurationExtensionSupport : Spring Data Redis - Could not safely identify store assignment for repository candidate interface com.testmgmt.repository.ProjectRepository; If you want this repository to be a Redis repository, consider annotating your entities with one of these annotations: org.springframework.data.redis.core.RedisHash (preferred), or consider extending one of the following types with your repository: org.springframework.data.keyvalue.repository.KeyValueRepository
2026-05-09T12:10:51.866+05:30  INFO 11692 --- [test-management-tool] [           main] .RepositoryConfigurationExtensionSupport : Spring Data Redis - Could not safely identify store assignment for repository candidate interface com.testmgmt.repository.TestCaseRepository; If you want this repository to be a Redis repository, consider annotating your entities with one of these annotations: org.springframework.data.redis.core.RedisHash (preferred), or consider extending one of the following types with your repository: org.springframework.data.keyvalue.repository.KeyValueRepository
2026-05-09T12:10:51.866+05:30  INFO 11692 --- [test-management-tool] [           main] .RepositoryConfigurationExtensionSupport : Spring Data Redis - Could not safely identify store assignment for repository candidate interface com.testmgmt.repository.TestCycleRepository; If you want this repository to be a Redis repository, consider annotating your entities with one of these annotations: org.springframework.data.redis.core.RedisHash (preferred), or consider extending one of the following types with your repository: org.springframework.data.keyvalue.repository.KeyValueRepository
2026-05-09T12:10:51.866+05:30  INFO 11692 --- [test-management-tool] [           main] .RepositoryConfigurationExtensionSupport : Spring Data Redis - Could not safely identify store assignment for repository candidate interface com.testmgmt.repository.TestPlanRepository; If you want this repository to be a Redis repository, consider annotating your entities with one of these annotations: org.springframework.data.redis.core.RedisHash (preferred), or consider extending one of the following types with your repository: org.springframework.data.keyvalue.repository.KeyValueRepository
2026-05-09T12:10:51.866+05:30  INFO 11692 --- [test-management-tool] [           main] .RepositoryConfigurationExtensionSupport : Spring Data Redis - Could not safely identify store assignment for repository candidate interface com.testmgmt.repository.TestRunRepository; If you want this repository to be a Redis repository, consider annotating your entities with one of these annotations: org.springframework.data.redis.core.RedisHash (preferred), or consider extending one of the following types with your repository: org.springframework.data.keyvalue.repository.KeyValueRepository
2026-05-09T12:10:51.867+05:30  INFO 11692 --- [test-management-tool] [           main] .RepositoryConfigurationExtensionSupport : Spring Data Redis - Could not safely identify store assignment for repository candidate interface com.testmgmt.repository.UserRepository; If you want this repository to be a Redis repository, consider annotating your entities with one of these annotations: org.springframework.data.redis.core.RedisHash (preferred), or consider extending one of the following types with your repository: org.springframework.data.keyvalue.repository.KeyValueRepository
2026-05-09T12:10:51.867+05:30  INFO 11692 --- [test-management-tool] [           main] .s.d.r.c.RepositoryConfigurationDelegate : Finished Spring Data repository scanning in 25 ms. Found 0 Redis repository interfaces.
2026-05-09T12:10:53.928+05:30  INFO 11692 --- [test-management-tool] [           main] o.hibernate.jpa.internal.util.LogHelper  : HHH000204: Processing PersistenceUnitInfo [name: default]
2026-05-09T12:10:54.377+05:30  INFO 11692 --- [test-management-tool] [           main] org.hibernate.Version                    : HHH000412: Hibernate ORM core version 6.4.4.Final
2026-05-09T12:10:54.529+05:30  INFO 11692 --- [test-management-tool] [           main] o.h.c.internal.RegionFactoryInitiator    : HHH000026: Second-level cache disabled
2026-05-09T12:10:55.581+05:30  INFO 11692 --- [test-management-tool] [           main] o.s.o.j.p.SpringPersistenceUnitInfo      : No LoadTimeWeaver setup: ignoring JPA class transformer
2026-05-09T12:10:55.679+05:30  INFO 11692 --- [test-management-tool] [           main] com.zaxxer.hikari.HikariDataSource       : HikariPool-1 - Starting...
2026-05-09T12:10:56.445+05:30  INFO 11692 --- [test-management-tool] [           main] com.zaxxer.hikari.pool.HikariPool        : HikariPool-1 - Added connection conn0: url=jdbc:h2:mem:testdb user=SA
2026-05-09T12:10:56.447+05:30  INFO 11692 --- [test-management-tool] [           main] com.zaxxer.hikari.HikariDataSource       : HikariPool-1 - Start completed.
2026-05-09T12:10:56.538+05:30  WARN 11692 --- [test-management-tool] [           main] org.hibernate.dialect.Dialect            : HHH000511: The 2.2.0 version for [org.hibernate.dialect.PostgreSQLDialect] is no longer supported, hence certain features may not work properly. The minimum supported version is 12.0.0. Check the community dialects project for available legacy versions.
2026-05-09T12:10:56.561+05:30  WARN 11692 --- [test-management-tool] [           main] org.hibernate.orm.deprecation            : HHH90000025: PostgreSQLDialect does not need to be specified explicitly using 'hibernate.dialect' (remove the property setting and it will be selected by default)
2026-05-09T12:11:00.165+05:30  INFO 11692 --- [test-management-tool] [           main] o.h.e.t.j.p.i.JtaPlatformInitiator       : HHH000489: No JTA platform available (set 'hibernate.transaction.jta.platform' to enable JTA platform integration)
2026-05-09T12:11:00.461+05:30  INFO 11692 --- [test-management-tool] [           main] j.LocalContainerEntityManagerFactoryBean : Initialized JPA EntityManagerFactory for persistence unit 'default'
2026-05-09T12:11:02.326+05:30  INFO 11692 --- [test-management-tool] [           main] o.s.d.j.r.query.QueryEnhancerFactory     : Hibernate is in classpath; If applicable, HQL parser will be used.
2026-05-09T12:11:06.842+05:30  INFO 11692 --- [test-management-tool] [           main] o.s.b.a.e.web.EndpointLinksResolver      : Exposing 3 endpoint(s) beneath base path '/actuator'
2026-05-09T12:11:08.782+05:30 DEBUG 11692 --- [test-management-tool] [           main] c.t.security.JwtAuthenticationFilter     : Filter 'jwtAuthenticationFilter' configured for use
2026-05-09T12:11:08.784+05:30  INFO 11692 --- [test-management-tool] [           main] o.s.b.t.m.w.SpringBootMockServletContext : Initializing Spring TestDispatcherServlet ''
2026-05-09T12:11:08.784+05:30  INFO 11692 --- [test-management-tool] [           main] o.s.t.web.servlet.TestDispatcherServlet  : Initializing Servlet ''
2026-05-09T12:11:08.786+05:30  INFO 11692 --- [test-management-tool] [           main] o.s.t.web.servlet.TestDispatcherServlet  : Completed initialization in 2 ms
2026-05-09T12:11:08.966+05:30  INFO 11692 --- [test-management-tool] [           main] com.testmgmt.AuthIntegrationTest         : Started AuthIntegrationTest in 20.358 seconds (process running for 22.552)
]]></system-out>
    <system-err><![CDATA[WARNING: A Java agent has been loaded dynamically (C:\Users\hp\.m2\repository\net\bytebuddy\byte-buddy-agent\1.14.12\byte-buddy-agent-1.14.12.jar)
WARNING: If a serviceability tool is in use, please run with -XX:+EnableDynamicAgentLoading to hide this warning
WARNING: If a serviceability tool is not in use, please run with -Djdk.instrument.traceUsage for more information
WARNING: Dynamic loading of agents will be disallowed by default in a future release
]]></system-err>
  </testcase>
  <testcase name="registerNewUser_returns201" classname="com.testmgmt.AuthIntegrationTest" time="0.519"/>
  <testcase name="registerDuplicateEmail_returns409" classname="com.testmgmt.AuthIntegrationTest" time="0.016"/>
</testsuite>